<?xml version="1.0" encoding="UTF-8"?>
<!-- Generated by org.testng.reporters.JUnitReportReporter -->
<testsuite hostname="DESKTOP-D9IBFV8" failures="0" tests="1" name="ytestingo.aaaa" time="0.008" errors="0" timestamp="2024-06-27T08:59:47 IST" skipped="0">
  <testcase classname="ytestingo.aaaa" name="show" time="0.008"/>
</testsuite> <!-- ytestingo.aaaa -->
